2025-06-04T13:12:05.356+05:30  INFO 12204 --- [EmployeeManagementSystem] [restartedMain] .e.E.EmployeeManagementSystemApplication : Starting EmployeeManagementSystemApplication using Java 24.0.1 with PID 12204 (C:\Program Files\Intellij IDE Project Workspace\EmployeeManagementSystem\target\classes started by HP in C:\Program Files\Intellij IDE Project Workspace\EmployeeManagementSystem)
2025-06-04T13:12:05.360+05:30 DEBUG 12204 --- [EmployeeManagementSystem] [restartedMain] .e.E.EmployeeManagementSystemApplication : Running with Spring Boot v3.5.0, Spring v6.2.7
2025-06-04T13:12:05.362+05:30  INFO 12204 --- [EmployeeManagementSystem] [restartedMain] .e.E.EmployeeManagementSystemApplication : No active profile set, falling back to 1 default profile: "default"
2025-06-04T13:12:05.511+05:30  INFO 12204 --- [EmployeeManagementSystem] [restartedMain] .e.DevToolsPropertyDefaultsPostProcessor : Devtools property defaults active! Set 'spring.devtools.add-properties' to 'false' to disable
2025-06-04T13:12:05.512+05:30  INFO 12204 --- [EmployeeManagementSystem] [restartedMain] .e.DevToolsPropertyDefaultsPostProcessor : For additional web related logging consider setting the 'logging.level.web' property to 'DEBUG'
2025-06-04T13:12:06.443+05:30  INFO 12204 --- [EmployeeManagementSystem] [restartedMain] .s.d.r.c.RepositoryConfigurationDelegate : Bootstrapping Spring Data JPA repositories in DEFAULT mode.
2025-06-04T13:12:06.503+05:30  INFO 12204 --- [EmployeeManagementSystem] [restartedMain] .s.d.r.c.RepositoryConfigurationDelegate : Finished Spring Data repository scanning in 50 ms. Found 5 JPA repository interfaces.
2025-06-04T13:12:07.201+05:30  INFO 12204 --- [EmployeeManagementSystem] [restartedMain] o.s.b.w.embedded.tomcat.TomcatWebServer  : Tomcat initialized with port 8080 (http)
2025-06-04T13:12:07.223+05:30  INFO 12204 --- [EmployeeManagementSystem] [restartedMain] o.apache.catalina.core.StandardService   : Starting service [Tomcat]
2025-06-04T13:12:07.223+05:30  INFO 12204 --- [EmployeeManagementSystem] [restartedMain] o.apache.catalina.core.StandardEngine    : Starting Servlet engine: [Apache Tomcat/10.1.41]
2025-06-04T13:12:07.263+05:30  INFO 12204 --- [EmployeeManagementSystem] [restartedMain] o.a.c.c.C.[Tomcat].[localhost].[/]       : Initializing Spring embedded WebApplicationContext
2025-06-04T13:12:07.264+05:30  INFO 12204 --- [EmployeeManagementSystem] [restartedMain] w.s.c.ServletWebServerApplicationContext : Root WebApplicationContext: initialization completed in 1751 ms
2025-06-04T13:12:07.562+05:30  INFO 12204 --- [EmployeeManagementSystem] [restartedMain] o.hibernate.jpa.internal.util.LogHelper  : HHH000204: Processing PersistenceUnitInfo [name: default]
2025-06-04T13:12:07.623+05:30  INFO 12204 --- [EmployeeManagementSystem] [restartedMain] org.hibernate.Version                    : HHH000412: Hibernate ORM core version 6.6.15.Final
2025-06-04T13:12:07.651+05:30  INFO 12204 --- [EmployeeManagementSystem] [restartedMain] o.h.c.internal.RegionFactoryInitiator    : HHH000026: Second-level cache disabled
2025-06-04T13:12:07.924+05:30  INFO 12204 --- [EmployeeManagementSystem] [restartedMain] o.s.o.j.p.SpringPersistenceUnitInfo      : No LoadTimeWeaver setup: ignoring JPA class transformer
2025-06-04T13:12:07.950+05:30  INFO 12204 --- [EmployeeManagementSystem] [restartedMain] com.zaxxer.hikari.HikariDataSource       : HikariPool-1 - Starting...
2025-06-04T13:12:08.287+05:30  INFO 12204 --- [EmployeeManagementSystem] [restartedMain] com.zaxxer.hikari.pool.HikariPool        : HikariPool-1 - Added connection com.mysql.cj.jdbc.ConnectionImpl@6fb148ea
2025-06-04T13:12:08.289+05:30  INFO 12204 --- [EmployeeManagementSystem] [restartedMain] com.zaxxer.hikari.HikariDataSource       : HikariPool-1 - Start completed.
2025-06-04T13:12:08.329+05:30  WARN 12204 --- [EmployeeManagementSystem] [restartedMain] org.hibernate.orm.deprecation            : HHH90000025: MySQL8Dialect does not need to be specified explicitly using 'hibernate.dialect' (remove the property setting and it will be selected by default)
2025-06-04T13:12:08.330+05:30  WARN 12204 --- [EmployeeManagementSystem] [restartedMain] org.hibernate.orm.deprecation            : HHH90000026: MySQL8Dialect has been deprecated; use org.hibernate.dialect.MySQLDialect instead
2025-06-04T13:12:08.349+05:30  INFO 12204 --- [EmployeeManagementSystem] [restartedMain] org.hibernate.orm.connections.pooling    : HHH10001005: Database info:
	Database JDBC URL [Connecting through datasource 'HikariDataSource (HikariPool-1)']
	Database driver: undefined/unknown
	Database version: 8.0
	Autocommit mode: undefined/unknown
	Isolation level: undefined/unknown
	Minimum pool size: undefined/unknown
	Maximum pool size: undefined/unknown
2025-06-04T13:12:09.265+05:30  INFO 12204 --- [EmployeeManagementSystem] [restartedMain] o.h.e.t.j.p.i.JtaPlatformInitiator       : HHH000489: No JTA platform available (set 'hibernate.transaction.jta.platform' to enable JTA platform integration)
2025-06-04T13:12:09.408+05:30  INFO 12204 --- [EmployeeManagementSystem] [restartedMain] j.LocalContainerEntityManagerFactoryBean : Initialized JPA EntityManagerFactory for persistence unit 'default'
2025-06-04T13:12:09.903+05:30  WARN 12204 --- [EmployeeManagementSystem] [restartedMain] JpaBaseConfiguration$JpaWebConfiguration : spring.jpa.open-in-view is enabled by default. Therefore, database queries may be performed during view rendering. Explicitly configure spring.jpa.open-in-view to disable this warning
2025-06-04T13:12:10.252+05:30  INFO 12204 --- [EmployeeManagementSystem] [restartedMain] o.s.b.d.a.OptionalLiveReloadServer       : LiveReload server is running on port 35729
2025-06-04T13:12:10.299+05:30  INFO 12204 --- [EmployeeManagementSystem] [restartedMain] o.s.b.w.embedded.tomcat.TomcatWebServer  : Tomcat started on port 8080 (http) with context path '/'
2025-06-04T13:12:10.311+05:30  INFO 12204 --- [EmployeeManagementSystem] [restartedMain] .e.E.EmployeeManagementSystemApplication : Started EmployeeManagementSystemApplication in 5.627 seconds (process running for 6.051)
2025-06-04T13:14:25.663+05:30  INFO 12204 --- [EmployeeManagementSystem] [http-nio-8080-exec-1] o.a.c.c.C.[Tomcat].[localhost].[/]       : Initializing Spring DispatcherServlet 'dispatcherServlet'
2025-06-04T13:14:25.663+05:30  INFO 12204 --- [EmployeeManagementSystem] [http-nio-8080-exec-1] o.s.web.servlet.DispatcherServlet        : Initializing Servlet 'dispatcherServlet'
2025-06-04T13:14:25.679+05:30  INFO 12204 --- [EmployeeManagementSystem] [http-nio-8080-exec-1] o.s.web.servlet.DispatcherServlet        : Completed initialization in 16 ms
2025-06-04T13:14:26.077+05:30  INFO 12204 --- [EmployeeManagementSystem] [http-nio-8080-exec-1] c.e.E.controller.EmployeeController      : Post/create- creating employee: narru
2025-06-04T13:14:26.077+05:30  INFO 12204 --- [EmployeeManagementSystem] [http-nio-8080-exec-1] c.e.E.serviceImpli.EmployeeServiceImpli  : Checking Name in Database
2025-06-04T13:14:26.668+05:30 ERROR 12204 --- [EmployeeManagementSystem] [http-nio-8080-exec-1] c.e.E.serviceImpli.EmployeeServiceImpli  : Employee already Exist Name: narru 
2025-06-04T13:14:26.710+05:30  WARN 12204 --- [EmployeeManagementSystem] [http-nio-8080-exec-1] c.e.E.e.GlobalExceptionHandler           : globalException- data AlreadyExist Error occur
2025-06-04T13:14:26.827+05:30  WARN 12204 --- [EmployeeManagementSystem] [http-nio-8080-exec-1] .m.m.a.ExceptionHandlerExceptionResolver : Resolved [com.example.EmployeeManagementSystem.exceptionHandler.ResourceAlreadyExistsException: Employee Name = narru Already Exist !]
2025-06-04T13:14:43.569+05:30  INFO 12204 --- [EmployeeManagementSystem] [SpringApplicationShutdownHook] o.s.b.w.e.tomcat.GracefulShutdown        : Commencing graceful shutdown. Waiting for active requests to complete
2025-06-04T13:14:43.586+05:30  INFO 12204 --- [EmployeeManagementSystem] [tomcat-shutdown] o.s.b.w.e.tomcat.GracefulShutdown        : Graceful shutdown complete
2025-06-04T13:14:43.593+05:30  INFO 12204 --- [EmployeeManagementSystem] [SpringApplicationShutdownHook] j.LocalContainerEntityManagerFactoryBean : Closing JPA EntityManagerFactory for persistence unit 'default'
2025-06-04T13:14:43.600+05:30  INFO 12204 --- [EmployeeManagementSystem] [SpringApplicationShutdownHook] com.zaxxer.hikari.HikariDataSource       : HikariPool-1 - Shutdown initiated...
2025-06-04T13:14:43.610+05:30  INFO 12204 --- [EmployeeManagementSystem] [SpringApplicationShutdownHook] com.zaxxer.hikari.HikariDataSource       : HikariPool-1 - Shutdown completed.
2025-06-04T13:14:45.910+05:30  INFO 13192 --- [EmployeeManagementSystem] [restartedMain] .e.E.EmployeeManagementSystemApplication : Starting EmployeeManagementSystemApplication using Java 24.0.1 with PID 13192 (C:\Program Files\Intellij IDE Project Workspace\EmployeeManagementSystem\target\classes started by HP in C:\Program Files\Intellij IDE Project Workspace\EmployeeManagementSystem)
2025-06-04T13:14:45.913+05:30 DEBUG 13192 --- [EmployeeManagementSystem] [restartedMain] .e.E.EmployeeManagementSystemApplication : Running with Spring Boot v3.5.0, Spring v6.2.7
2025-06-04T13:14:45.914+05:30  INFO 13192 --- [EmployeeManagementSystem] [restartedMain] .e.E.EmployeeManagementSystemApplication : No active profile set, falling back to 1 default profile: "default"
2025-06-04T13:14:45.987+05:30  INFO 13192 --- [EmployeeManagementSystem] [restartedMain] .e.DevToolsPropertyDefaultsPostProcessor : Devtools property defaults active! Set 'spring.devtools.add-properties' to 'false' to disable
2025-06-04T13:14:45.987+05:30  INFO 13192 --- [EmployeeManagementSystem] [restartedMain] .e.DevToolsPropertyDefaultsPostProcessor : For additional web related logging consider setting the 'logging.level.web' property to 'DEBUG'
2025-06-04T13:14:46.821+05:30  INFO 13192 --- [EmployeeManagementSystem] [restartedMain] .s.d.r.c.RepositoryConfigurationDelegate : Bootstrapping Spring Data JPA repositories in DEFAULT mode.
2025-06-04T13:14:46.884+05:30  INFO 13192 --- [EmployeeManagementSystem] [restartedMain] .s.d.r.c.RepositoryConfigurationDelegate : Finished Spring Data repository scanning in 54 ms. Found 5 JPA repository interfaces.
2025-06-04T13:14:47.539+05:30  INFO 13192 --- [EmployeeManagementSystem] [restartedMain] o.s.b.w.embedded.tomcat.TomcatWebServer  : Tomcat initialized with port 8080 (http)
2025-06-04T13:14:47.555+05:30  INFO 13192 --- [EmployeeManagementSystem] [restartedMain] o.apache.catalina.core.StandardService   : Starting service [Tomcat]
2025-06-04T13:14:47.555+05:30  INFO 13192 --- [EmployeeManagementSystem] [restartedMain] o.apache.catalina.core.StandardEngine    : Starting Servlet engine: [Apache Tomcat/10.1.41]
2025-06-04T13:14:47.604+05:30  INFO 13192 --- [EmployeeManagementSystem] [restartedMain] o.a.c.c.C.[Tomcat].[localhost].[/]       : Initializing Spring embedded WebApplicationContext
2025-06-04T13:14:47.605+05:30  INFO 13192 --- [EmployeeManagementSystem] [restartedMain] w.s.c.ServletWebServerApplicationContext : Root WebApplicationContext: initialization completed in 1616 ms
2025-06-04T13:14:47.833+05:30  INFO 13192 --- [EmployeeManagementSystem] [restartedMain] o.hibernate.jpa.internal.util.LogHelper  : HHH000204: Processing PersistenceUnitInfo [name: default]
2025-06-04T13:14:47.904+05:30  INFO 13192 --- [EmployeeManagementSystem] [restartedMain] org.hibernate.Version                    : HHH000412: Hibernate ORM core version 6.6.15.Final
2025-06-04T13:14:47.934+05:30  INFO 13192 --- [EmployeeManagementSystem] [restartedMain] o.h.c.internal.RegionFactoryInitiator    : HHH000026: Second-level cache disabled
2025-06-04T13:14:48.237+05:30  INFO 13192 --- [EmployeeManagementSystem] [restartedMain] o.s.o.j.p.SpringPersistenceUnitInfo      : No LoadTimeWeaver setup: ignoring JPA class transformer
2025-06-04T13:14:48.277+05:30  INFO 13192 --- [EmployeeManagementSystem] [restartedMain] com.zaxxer.hikari.HikariDataSource       : HikariPool-1 - Starting...
2025-06-04T13:14:48.625+05:30  INFO 13192 --- [EmployeeManagementSystem] [restartedMain] com.zaxxer.hikari.pool.HikariPool        : HikariPool-1 - Added connection com.mysql.cj.jdbc.ConnectionImpl@13079320
2025-06-04T13:14:48.626+05:30  INFO 13192 --- [EmployeeManagementSystem] [restartedMain] com.zaxxer.hikari.HikariDataSource       : HikariPool-1 - Start completed.
2025-06-04T13:14:48.662+05:30  WARN 13192 --- [EmployeeManagementSystem] [restartedMain] org.hibernate.orm.deprecation            : HHH90000025: MySQL8Dialect does not need to be specified explicitly using 'hibernate.dialect' (remove the property setting and it will be selected by default)
2025-06-04T13:14:48.662+05:30  WARN 13192 --- [EmployeeManagementSystem] [restartedMain] org.hibernate.orm.deprecation            : HHH90000026: MySQL8Dialect has been deprecated; use org.hibernate.dialect.MySQLDialect instead
2025-06-04T13:14:48.678+05:30  INFO 13192 --- [EmployeeManagementSystem] [restartedMain] org.hibernate.orm.connections.pooling    : HHH10001005: Database info:
	Database JDBC URL [Connecting through datasource 'HikariDataSource (HikariPool-1)']
	Database driver: undefined/unknown
	Database version: 8.0
	Autocommit mode: undefined/unknown
	Isolation level: undefined/unknown
	Minimum pool size: undefined/unknown
	Maximum pool size: undefined/unknown
2025-06-04T13:14:49.554+05:30  INFO 13192 --- [EmployeeManagementSystem] [restartedMain] o.h.e.t.j.p.i.JtaPlatformInitiator       : HHH000489: No JTA platform available (set 'hibernate.transaction.jta.platform' to enable JTA platform integration)
2025-06-04T13:14:49.650+05:30  INFO 13192 --- [EmployeeManagementSystem] [restartedMain] j.LocalContainerEntityManagerFactoryBean : Initialized JPA EntityManagerFactory for persistence unit 'default'
2025-06-04T13:14:50.178+05:30  WARN 13192 --- [EmployeeManagementSystem] [restartedMain] JpaBaseConfiguration$JpaWebConfiguration : spring.jpa.open-in-view is enabled by default. Therefore, database queries may be performed during view rendering. Explicitly configure spring.jpa.open-in-view to disable this warning
2025-06-04T13:14:50.599+05:30  INFO 13192 --- [EmployeeManagementSystem] [restartedMain] o.s.b.d.a.OptionalLiveReloadServer       : LiveReload server is running on port 35729
2025-06-04T13:14:50.639+05:30  INFO 13192 --- [EmployeeManagementSystem] [restartedMain] o.s.b.w.embedded.tomcat.TomcatWebServer  : Tomcat started on port 8080 (http) with context path '/'
2025-06-04T13:14:50.648+05:30  INFO 13192 --- [EmployeeManagementSystem] [restartedMain] .e.E.EmployeeManagementSystemApplication : Started EmployeeManagementSystemApplication in 5.442 seconds (process running for 6.116)
2025-06-04T13:14:55.898+05:30  INFO 13192 --- [EmployeeManagementSystem] [http-nio-8080-exec-1] o.a.c.c.C.[Tomcat].[localhost].[/]       : Initializing Spring DispatcherServlet 'dispatcherServlet'
2025-06-04T13:14:55.898+05:30  INFO 13192 --- [EmployeeManagementSystem] [http-nio-8080-exec-1] o.s.web.servlet.DispatcherServlet        : Initializing Servlet 'dispatcherServlet'
2025-06-04T13:14:55.899+05:30  INFO 13192 --- [EmployeeManagementSystem] [http-nio-8080-exec-1] o.s.web.servlet.DispatcherServlet        : Completed initialization in 1 ms
2025-06-04T13:14:55.984+05:30  INFO 13192 --- [EmployeeManagementSystem] [http-nio-8080-exec-1] c.e.E.controller.EmployeeController      : Post/create- creating employee: narru
2025-06-04T13:14:55.984+05:30  INFO 13192 --- [EmployeeManagementSystem] [http-nio-8080-exec-1] c.e.E.serviceImpli.EmployeeServiceImpli  : Checking Name in Database
2025-06-04T13:14:56.104+05:30 ERROR 13192 --- [EmployeeManagementSystem] [http-nio-8080-exec-1] c.e.E.serviceImpli.EmployeeServiceImpli  : Employee already Exist Name: narru 
2025-06-04T13:14:56.108+05:30  WARN 13192 --- [EmployeeManagementSystem] [http-nio-8080-exec-1] c.e.E.e.GlobalExceptionHandler           : globalException- data AlreadyExist Error occur
2025-06-04T13:14:56.140+05:30  WARN 13192 --- [EmployeeManagementSystem] [http-nio-8080-exec-1] .m.m.a.ExceptionHandlerExceptionResolver : Resolved [com.example.EmployeeManagementSystem.exceptionHandler.ResourceAlreadyExistsException: Employee Name = narru Already Exist !]
2025-06-04T13:16:02.419+05:30 DEBUG 13192 --- [EmployeeManagementSystem] [http-nio-8080-exec-5] c.e.E.controller.EmployeeController      : GET /get - Fetching employee with ID: 16
2025-06-04T13:16:02.419+05:30  INFO 13192 --- [EmployeeManagementSystem] [http-nio-8080-exec-5] c.e.E.serviceImpli.EmployeeServiceImpli  : Fetching employee by ID: 16
2025-06-04T13:16:02.487+05:30 DEBUG 13192 --- [EmployeeManagementSystem] [http-nio-8080-exec-5] c.e.E.mapper.EmployeeMapper              : EmployeeDTO- mapping entity to DTO conver
2025-06-04T13:57:03.506+05:30  WARN 13192 --- [EmployeeManagementSystem] [HikariPool-1:housekeeper] com.zaxxer.hikari.pool.HikariPool        : HikariPool-1 - Thread starvation or clock leap detected (housekeeper delta=37m44s759ms948µs500ns).
2025-06-04T14:07:48.866+05:30  WARN 13192 --- [EmployeeManagementSystem] [HikariPool-1:housekeeper] com.zaxxer.hikari.pool.HikariPool        : HikariPool-1 - Thread starvation or clock leap detected (housekeeper delta=5m15s333ms214µs300ns).
